[debug] [2023-12-16T11:46:49.898Z] ----------------------------------------------------------------------
[debug] [2023-12-16T11:46:49.901Z] Command:       C:\Program Files\nodejs\node.exe C:\Users\hrashed\AppData\Roaming\npm\node_modules\firebase-tools\lib\bin\firebase.js init
[debug] [2023-12-16T11:46:49.901Z] CLI Version:   13.0.2
[debug] [2023-12-16T11:46:49.901Z] Platform:      win32
[debug] [2023-12-16T11:46:49.901Z] Node Version:  v20.10.0
[debug] [2023-12-16T11:46:49.901Z] Time:          Sat Dec 16 2023 13:46:49 GMT+0200 (Eastern European Standard Time)
[debug] [2023-12-16T11:46:49.902Z] ----------------------------------------------------------------------
[debug] 
[debug] [2023-12-16T11:46:49.909Z] > command requires scopes: ["email","openid","https://www.googleapis.com/auth/cloudplatformprojects.readonly","https://www.googleapis.com/auth/firebase","https://www.googleapis.com/auth/cloud-platform"]
[debug] [2023-12-16T11:46:49.910Z] > authorizing via signed-in user (hanimohsen3131@gmail.com)
[info] 
     ######## #### ########  ######## ########     ###     ######  ########
     ##        ##  ##     ## ##       ##     ##  ##   ##  ##       ##
     ######    ##  ########  ######   ########  #########  ######  ######
     ##        ##  ##    ##  ##       ##     ## ##     ##       ## ##
     ##       #### ##     ## ######## ########  ##     ##  ######  ########

You're about to initialize a Firebase project in this directory:

  C:\Users\hrashed\Storage\Projects\angular17test2

[info] 
=== Project Setup
[info] 
[info] First, let's associate this project directory with a Firebase project.
[info] You can create multiple project aliases by running firebase use --add, 
[info] but for now we'll just set up a default project.
[info] 
[debug] [2023-12-16T11:47:06.031Z] >>> [apiv2][query] GET https://firebase.googleapis.com/v1beta1/projects pageSize=100
[debug] [2023-12-16T11:47:07.275Z] <<< [apiv2][status] GET https://firebase.googleapis.com/v1beta1/projects 200
[debug] [2023-12-16T11:47:07.275Z] <<< [apiv2][body] GET https://firebase.googleapis.com/v1beta1/projects [omitted]
[info] i  Using project cv-angular-500 (CV-Angular-500) 
[info] 
=== Hosting Setup
[debug] [2023-12-16T11:47:12.535Z] >>> [apiv2][query] GET https://firebase.googleapis.com/v1beta1/projects/cv-angular-500 [none]
[debug] [2023-12-16T11:47:12.961Z] <<< [apiv2][status] GET https://firebase.googleapis.com/v1beta1/projects/cv-angular-500 200
[debug] [2023-12-16T11:47:12.962Z] <<< [apiv2][body] GET https://firebase.googleapis.com/v1beta1/projects/cv-angular-500 {"projectId":"cv-angular-500","projectNumber":"908151641385","displayName":"CV-Angular-500","name":"projects/cv-angular-500","resources":{"hostingSite":"cv-angular-500","realtimeDatabaseInstance":"cv-angular-500-default-rtdb"},"state":"ACTIVE","etag":"1_6dad8aa0-11da-4d52-a3f6-9dbe3e2541da"}
[info] 
[info] Your public directory is the folder (relative to your project directory) that
[info] will contain Hosting assets to be uploaded with firebase deploy. If you
[info] have a build process for your assets, use your build's output directory.
[info] 
